<?xml version="1.0" encoding="UTF-8"?>
<!-- Generated by org.testng.reporters.JUnitReportReporter -->
<testsuite skipped="0" hostname="TOSHIBA-PC" name="check.TwoD" tests="1" failures="0" timestamp="25 Aug 2019 12:23:14 GMT" time="0.014" errors="0">
  <testcase name="hourglassSum" time="0.014" classname="check.TwoD"/>
</testsuite> <!-- check.TwoD -->
