<?xml version="1.0" encoding="UTF-8"?>
<!-- Generated by org.testng.reporters.JUnitReportReporter -->
<testsuite skipped="0" hostname="TOSHIBA-PC" name="check.SingtelCart" tests="2" failures="0" timestamp="18 Aug 2019 13:51:30 GMT" time="69.531" errors="0">
  <testcase name="reachCart" time="36.007" classname="check.SingtelCart"/>
  <testcase name="asumCart" time="33.524" classname="check.SingtelCart"/>
</testsuite> <!-- check.SingtelCart -->
