<?xml version="1.0" encoding="UTF-8"?>
<!-- Generated by org.testng.reporters.JUnitReportReporter -->
<testsuite skipped="0" hostname="TOSHIBA-PC" name="check.Click" tests="1" failures="0" timestamp="17 Aug 2019 13:48:28 GMT" time="32.711" errors="0">
  <testcase name="clickTest" time="32.711" classname="check.Click"/>
</testsuite> <!-- check.Click -->
