<?xml version="1.0" encoding="UTF-8"?>
<!-- Generated by org.testng.reporters.JUnitReportReporter -->
<testsuite skipped="0" hostname="TOSHIBA-PC" name="check.RadioButton" tests="4" failures="0" timestamp="25 Aug 2019 08:19:35 GMT" time="139.120" errors="0">
  <testcase name="iniatialize" time="116.854" classname="check.RadioButton"/>
  <testcase name="radioButtonTest" time="15.510" classname="check.RadioButton"/>
  <testcase name="checkboxTest" time="1.313" classname="check.RadioButton"/>
  <testcase name="teardown" time="5.443" classname="check.RadioButton"/>
</testsuite> <!-- check.RadioButton -->
