<?xml version="1.0" encoding="UTF-8"?>
<!-- Generated by org.testng.reporters.JUnitReportReporter -->
<testsuite skipped="1" hostname="TOSHIBA-PC" name="check.ToolTip" tests="2" failures="0" timestamp="17 Aug 2019 13:24:02 GMT" time="39.678" errors="0">
  <testcase name="toolTipAction" time="39.678" classname="check.ToolTip"/>
  <testcase name="toolTipTest" classname="check.ToolTip">
    <skipped/>
  </testcase> <!-- toolTipTest -->
</testsuite> <!-- check.ToolTip -->
