<?xml version="1.0" encoding="UTF-8"?>
<!-- Generated by org.testng.reporters.JUnitReportReporter -->
<testsuite skipped="0" hostname="TOSHIBA-PC" name="check.DragDrop" tests="1" failures="0" timestamp="15 Aug 2019 11:16:17 GMT" time="53.347" errors="0">
  <testcase name="dragDropTest" time="53.347" classname="check.DragDrop"/>
</testsuite> <!-- check.DragDrop -->
