<?xml version="1.0" encoding="UTF-8"?>
<!-- Generated by org.testng.reporters.JUnitReportReporter -->
<testsuite skipped="0" hostname="TOSHIBA-PC" name="check.DragDropTest" tests="1" failures="0" timestamp="15 Aug 2019 14:14:19 GMT" time="157.696" errors="0">
  <testcase name="dragdrop" time="157.696" classname="check.DragDropTest"/>
</testsuite> <!-- check.DragDropTest -->
