<?xml version="1.0" encoding="UTF-8"?>
<!-- Generated by org.testng.reporters.JUnitReportReporter -->
<testsuite skipped="0" hostname="TOSHIBA-PC" name="check.DropDowns" tests="1" failures="0" timestamp="25 Aug 2019 07:26:02 GMT" time="68.498" errors="0">
  <testcase name="dropDownTest" time="68.498" classname="check.DropDowns"/>
</testsuite> <!-- check.DropDowns -->
